[baseline-browser-mapping] The data in this module is over two months old.  To ensure accurate Baseline data, please update: `npm i baseline-browser-mapping@latest -D`
Thumbnail generation failed: Error: ffmpeg failed for E:\Movies\Indiana Jones and the Dial of Destiny (2023)\Indiana Jones and the Dial of Destiny (2023).mkv
    at O (C:\Dev\merlin\.next\server\app\api\thumbnail\route.js:1:6961)
    at async (C:\Dev\merlin\.next\server\app\api\thumbnail\route.js:1:7345)
    at async S (C:\Dev\merlin\.next\server\app\api\thumbnail\route.js:1:7799)
    at async k (C:\Dev\merlin\.next\server\app\api\thumbnail\route.js:1:11086)
    at async g (C:\Dev\merlin\.next\server\app\api\thumbnail\route.js:1:12089)
    at async Y (C:\Dev\merlin\.next\server\app\api\thumbnail\route.js:1:13211)
Thumbnail generation failed: Error: ffmpeg failed for E:\Movies\Indiana Jones and the Dial of Destiny (2023)\Indiana Jones and the Dial of Destiny (2023).mkv
    at O (C:\Dev\merlin\.next\server\app\api\thumbnail\route.js:1:6961)
    at async (C:\Dev\merlin\.next\server\app\api\thumbnail\route.js:1:7345)
    at async S (C:\Dev\merlin\.next\server\app\api\thumbnail\route.js:1:7799)
    at async k (C:\Dev\merlin\.next\server\app\api\thumbnail\route.js:1:11086)
    at async g (C:\Dev\merlin\.next\server\app\api\thumbnail\route.js:1:12089)
    at async Y (C:\Dev\merlin\.next\server\app\api\thumbnail\route.js:1:13211)
Thumbnail generation failed: Error: ffmpeg failed for E:\Movies\Ant-Man and the Wasp Quantumania (2023).mp4
    at O (C:\Dev\merlin\.next\server\app\api\thumbnail\route.js:1:6961)
    at async (C:\Dev\merlin\.next\server\app\api\thumbnail\route.js:1:7345)
    at async S (C:\Dev\merlin\.next\server\app\api\thumbnail\route.js:1:7799)
    at async k (C:\Dev\merlin\.next\server\app\api\thumbnail\route.js:1:11086)
    at async g (C:\Dev\merlin\.next\server\app\api\thumbnail\route.js:1:12089)
    at async Y (C:\Dev\merlin\.next\server\app\api\thumbnail\route.js:1:13211)
Thumbnail generation failed: Error: ffmpeg failed for E:\Movies\Ant-Man and the Wasp Quantumania (2023).mp4
    at O (C:\Dev\merlin\.next\server\app\api\thumbnail\route.js:1:6961)
    at async (C:\Dev\merlin\.next\server\app\api\thumbnail\route.js:1:7345)
    at async S (C:\Dev\merlin\.next\server\app\api\thumbnail\route.js:1:7799)
    at async k (C:\Dev\merlin\.next\server\app\api\thumbnail\route.js:1:11086)
    at async g (C:\Dev\merlin\.next\server\app\api\thumbnail\route.js:1:12089)
    at async Y (C:\Dev\merlin\.next\server\app\api\thumbnail\route.js:1:13211)
